<?xml version="1.0" encoding="UTF-8"?>
<testng-results ignored="0" total="1" passed="1" failed="0" skipped="0">
  <reporter-output>
  </reporter-output>
  <suite started-at="2026-03-26T09:37:29 PDT" name="Default suite" finished-at="2026-03-26T09:38:02 PDT" duration-ms="32802">
    <groups>
    </groups>
    <test started-at="2026-03-26T09:37:29 PDT" name="Default test" finished-at="2026-03-26T09:38:02 PDT" duration-ms="32802">
      <class name="tests.SeleniumAdvancedExam">
        <test-method is-config="true" signature="setup()[pri:0, instance:tests.SeleniumAdvancedExam@217ed35e]" started-at="2026-03-26T09:37:29 PDT" name="setup" finished-at="2026-03-26T09:37:34 PDT" duration-ms="5326" status="PASS">
          <reporter-output>
          </reporter-output>
        </test-method> <!-- setup -->
        <test-method signature="testScenario()[pri:0, instance:tests.SeleniumAdvancedExam@217ed35e]" started-at="2026-03-26T09:37:35 PDT" name="testScenario" finished-at="2026-03-26T09:38:02 PDT" duration-ms="27353" status="PASS">
          <reporter-output>
          </reporter-output>
        </test-method> <!-- testScenario -->
      </class> <!-- tests.SeleniumAdvancedExam -->
    </test> <!-- Default test -->
  </suite> <!-- Default suite -->
</testng-results>
